# JRE version: OpenJDK Runtime Environment (8.0_152-b01) (build 1.8.0_152-release-915-b01)
# Java VM: OpenJDK 64-Bit Server VM (25.152-b01 mixed mode windows-amd64 compressed oops)
Heap:
 PSYoungGen      total 286208K, used 89095K [0x00000000e0000000, 0x00000000f8700000, 0x0000000100000000)
  eden space 262144K, 33% used [0x00000000e0000000,0x00000000e5701ee0,0x00000000f0000000)
  from space 24064K, 0% used [0x00000000f0000000,0x00000000f0000000,0x00000000f1780000)
  to   space 28672K, 0% used [0x00000000f6b00000,0x00000000f6b00000,0x00000000f8700000)
 ParOldGen       total 136704K, used 47080K [0x00000000a0000000, 0x00000000a8580000, 0x00000000e0000000)
  object space 136704K, 34% used [0x00000000a0000000,0x00000000a2dfa358,0x00000000a8580000)
 Metaspace       used 61176K, capacity 63487K, committed 63704K, reserved 1103872K
  class space    used 8339K, capacity 8901K, committed 8960K, reserved 1048576K
GC Heap History (10 events):
Event: 20.818 GC heap before
{Heap before GC invocations=8 (full 2):
 PSYoungGen      total 185856K, used 10635K [0x00000000e0000000, 0x00000000ed980000, 0x0000000100000000)
  eden space 172544K, 0% used [0x00000000e0000000,0x00000000e0000000,0x00000000ea880000)
  from space 13312K, 79% used [0x00000000eb600000,0x00000000ec062ec8,0x00000000ec300000)
  to   space 13824K, 0% used [0x00000000ea880000,0x00000000ea880000,0x00000000eb600000)
 ParOldGen       total 93184K, used 6771K [0x00000000a0000000, 0x00000000a5b00000, 0x00000000e0000000)
  object space 93184K, 7% used [0x00000000a0000000,0x00000000a069cd78,0x00000000a5b00000)
 Metaspace       used 34338K, capacity 35206K, committed 35416K, reserved 1079296K
  class space    used 4684K, capacity 4975K, committed 4992K, reserved 1048576K
Event: 20.879 GC heap after
Heap after GC invocations=8 (full 2):
 PSYoungGen      total 185856K, used 0K [0x00000000e0000000, 0x00000000ed980000, 0x0000000100000000)
  eden space 172544K, 0% used [0x00000000e0000000,0x00000000e0000000,0x00000000ea880000)
  from space 13312K, 0% used [0x00000000eb600000,0x00000000eb600000,0x00000000ec300000)
  to   space 13824K, 0% used [0x00000000ea880000,0x00000000ea880000,0x00000000eb600000)
 ParOldGen       total 136704K, used 16595K [0x00000000a0000000, 0x00000000a8580000, 0x00000000e0000000)
  object space 136704K, 12% used [0x00000000a0000000,0x00000000a1034ff0,0x00000000a8580000)
 Metaspace       used 34338K, capacity 35206K, committed 35416K, reserved 1079296K
  class space    used 4684K, capacity 4975K, committed 4992K, reserved 1048576K
}
Event: 25.329 GC heap before
{Heap before GC invocations=9 (full 2):
 PSYoungGen      total 185856K, used 172544K [0x00000000e0000000, 0x00000000ed980000, 0x0000000100000000)
  eden space 172544K, 100% used [0x00000000e0000000,0x00000000ea880000,0x00000000ea880000)
  from space 13312K, 0% used [0x00000000eb600000,0x00000000eb600000,0x00000000ec300000)
  to   space 13824K, 0% used [0x00000000ea880000,0x00000000ea880000,0x00000000eb600000)
 ParOldGen       total 136704K, used 16595K [0x00000000a0000000, 0x00000000a8580000, 0x00000000e0000000)
  object space 136704K, 12% used [0x00000000a0000000,0x00000000a1034ff0,0x00000000a8580000)
 Metaspace       used 47739K, capacity 48958K, committed 49240K, reserved 1091584K
  class space    used 6372K, capacity 6737K, committed 6784K, reserved 1048576K
Event: 25.342 GC heap after
Heap after GC invocations=9 (full 2):
 PSYoungGen      total 186368K, used 13809K [0x00000000e0000000, 0x00000000f2800000, 0x0000000100000000)
  eden space 172544K, 0% used [0x00000000e0000000,0x00000000e0000000,0x00000000ea880000)
  from space 13824K, 99% used [0x00000000ea880000,0x00000000eb5fc408,0x00000000eb600000)
  to   space 16896K, 0% used [0x00000000f1780000,0x00000000f1780000,0x00000000f2800000)
 ParOldGen       total 136704K, used 19790K [0x00000000a0000000, 0x00000000a8580000, 0x00000000e0000000)
  object space 136704K, 14% used [0x00000000a0000000,0x00000000a1353848,0x00000000a8580000)
 Metaspace       used 47739K, capacity 48958K, committed 49240K, reserved 1091584K
  class space    used 6372K, capacity 6737K, committed 6784K, reserved 1048576K
}
Event: 28.927 GC heap before
{Heap before GC invocations=10 (full 2):
 PSYoungGen      total 186368K, used 186353K [0x00000000e0000000, 0x00000000f2800000, 0x0000000100000000)
  eden space 172544K, 100% used [0x00000000e0000000,0x00000000ea880000,0x00000000ea880000)
  from space 13824K, 99% used [0x00000000ea880000,0x00000000eb5fc408,0x00000000eb600000)
  to   space 16896K, 0% used [0x00000000f1780000,0x00000000f1780000,0x00000000f2800000)
 ParOldGen       total 136704K, used 19790K [0x00000000a0000000, 0x00000000a8580000, 0x00000000e0000000)
  object space 136704K, 14% used [0x00000000a0000000,0x00000000a1353848,0x00000000a8580000)
 Metaspace       used 55670K, capacity 57666K, committed 57816K, reserved 1099776K
  class space    used 7596K, capacity 8131K, committed 8192K, reserved 1048576K
Event: 28.954 GC heap after
Heap after GC invocations=10 (full 2):
 PSYoungGen      total 279040K, used 16877K [0x00000000e0000000, 0x00000000f3400000, 0x0000000100000000)
  eden space 262144K, 0% used [0x00000000e0000000,0x00000000e0000000,0x00000000f0000000)
  from space 16896K, 99% used [0x00000000f1780000,0x00000000f27fb4f0,0x00000000f2800000)
  to   space 24064K, 0% used [0x00000000f0000000,0x00000000f0000000,0x00000000f1780000)
 ParOldGen       total 136704K, used 30871K [0x00000000a0000000, 0x00000000a8580000, 0x00000000e0000000)
  object space 136704K, 22% used [0x00000000a0000000,0x00000000a1e25c98,0x00000000a8580000)
 Metaspace       used 55670K, capacity 57666K, committed 57816K, reserved 1099776K
  class space    used 7596K, capacity 8131K, committed 8192K, reserved 1048576K
}
Event: 34.249 GC heap before
{Heap before GC invocations=11 (full 2):
 PSYoungGen      total 279040K, used 122898K [0x00000000e0000000, 0x00000000f3400000, 0x0000000100000000)
  eden space 262144K, 40% used [0x00000000e0000000,0x00000000e6789620,0x00000000f0000000)
  from space 16896K, 99% used [0x00000000f1780000,0x00000000f27fb4f0,0x00000000f2800000)
  to   space 24064K, 0% used [0x00000000f0000000,0x00000000f0000000,0x00000000f1780000)
 ParOldGen       total 136704K, used 30871K [0x00000000a0000000, 0x00000000a8580000, 0x00000000e0000000)
  object space 136704K, 22% used [0x00000000a0000000,0x00000000a1e25c98,0x00000000a8580000)
 Metaspace       used 56769K, capacity 58868K, committed 58968K, reserved 1099776K
  class space    used 7751K, capacity 8278K, committed 8320K, reserved 1048576K
Event: 34.269 GC heap after
Heap after GC invocations=11 (full 2):
 PSYoungGen      total 286208K, used 24045K [0x00000000e0000000, 0x00000000f8700000, 0x0000000100000000)
  eden space 262144K, 0% used [0x00000000e0000000,0x00000000e0000000,0x00000000f0000000)
  from space 24064K, 99% used [0x00000000f0000000,0x00000000f177b4f0,0x00000000f1780000)
  to   space 28672K, 0% used [0x00000000f6b00000,0x00000000f6b00000,0x00000000f8700000)
 ParOldGen       total 136704K, used 34039K [0x00000000a0000000, 0x00000000a8580000, 0x00000000e0000000)
  object space 136704K, 24% used [0x00000000a0000000,0x00000000a213dd88,0x00000000a8580000)
 Metaspace       used 56769K, capacity 58868K, committed 58968K, reserved 1099776K
  class space    used 7751K, capacity 8278K, committed 8320K, reserved 1048576K
}
Event: 34.269 GC heap before
{Heap before GC invocations=12 (full 3):
 PSYoungGen      total 286208K, used 24045K [0x00000000e0000000, 0x00000000f8700000, 0x0000000100000000)
  eden space 262144K, 0% used [0x00000000e0000000,0x00000000e0000000,0x00000000f0000000)
  from space 24064K, 99% used [0x00000000f0000000,0x00000000f177b4f0,0x00000000f1780000)
  to   space 28672K, 0% used [0x00000000f6b00000,0x00000000f6b00000,0x00000000f8700000)
 ParOldGen       total 136704K, used 34039K [0x00000000a0000000, 0x00000000a8580000, 0x00000000e0000000)
  object space 136704K, 24% used [0x00000000a0000000,0x00000000a213dd88,0x00000000a8580000)
 Metaspace       used 56769K, capacity 58868K, committed 58968K, reserved 1099776K
  class space    used 7751K, capacity 8278K, committed 8320K, reserved 1048576K
Event: 34.596 GC heap after
Heap after GC invocations=12 (full 3):
 PSYoungGen      total 286208K, used 0K [0x00000000e0000000, 0x00000000f8700000, 0x0000000100000000)
  eden space 262144K, 0% used [0x00000000e0000000,0x00000000e0000000,0x00000000f0000000)
  from space 24064K, 0% used [0x00000000f0000000,0x00000000f0000000,0x00000000f1780000)
  to   space 28672K, 0% used [0x00000000f6b00000,0x00000000f6b00000,0x00000000f8700000)
 ParOldGen       total 136704K, used 47080K [0x00000000a0000000, 0x00000000a8580000, 0x00000000e0000000)
  object space 136704K, 34% used [0x00000000a0000000,0x00000000a2dfa358,0x00000000a8580000)
 Metaspace       used 56769K, capacity 58868K, committed 58968K, reserved 1099776K
  class space    used 7751K, capacity 8278K, committed 8320K, reserved 1048576K
}

